<?xml version="1.0" encoding="UTF-8"?>
<testsuite xmlns:xsi="http://www.w3.org/2001/XMLSchema-instance" xsi:noNamespaceSchemaLocation="https://maven.apache.org/surefire/maven-surefire-plugin/xsd/surefire-test-report-3.0.xsd" version="3.0" name="eu.szestkam.cryptotraining.cesar.CesarCipherTest" time="0.037" tests="4" errors="0" skipped="0" failures="0">
  <properties>
[...]
</properties>
  <testcase name="testEncrypWhenTextThenSameLenghtOfString" classname="eu.szestkam.cryptotraining.cesar.CesarCipherTest" time="0.02"/>
  <testcase name="testIfCesarExist" classname="eu.szestkam.cryptotraining.cesar.CesarCipherTest" time="0.001"/>
  <testcase name="testEncrypWhenNoTextThenEmptyString" classname="eu.szestkam.cryptotraining.cesar.CesarCipherTest" time="0.002"/>
  <testcase name="testPassStringToConstructor" classname="eu.szestkam.cryptotraining.cesar.CesarCipherTest" time="0.001"/>
</testsuite>